Using pre-set license
Built from '2020.3/staging' branch; Version is '2020.3.9f1 (108be757e447) revision 1084391'; Using compiler version '192528614'; Build Type 'Release'
OS: 'Windows 10 Pro for Workstations; OS build 19044.1415; Version 2009; 64bit' Language: 'en' Physical Memory: 24571 MB
BatchMode: 1, IsHumanControllingUs: 0, StartBugReporterOnCrash: 0, Is64bit: 1, IsPro: 0

 COMMAND LINE ARGUMENTS:
C:\Program Files\Unity\Hub\Editor\2020.3.9f1\Editor\Unity.exe
-adb2
-batchMode
-noUpm
-name
AssetImportWorker0
-projectPath
I:/user/docs/GitHub/stevecam/video-world/video-example
-logFile
Logs/AssetImportWorker0.log
-srvPort
58617
Successfully changed project path to: I:/user/docs/GitHub/stevecam/video-world/video-example
I:/user/docs/GitHub/stevecam/video-world/video-example
Using Asset Import Pipeline V2.
Refreshing native plugins compatible for Editor in 108.85 ms, found 7 plugins.
Plugins: Failed to load 'I:/user/docs/GitHub/stevecam/video-world/video-example/Library/PackageCache/com.microsoft.altspacevr_uploader@bb588ccaf672-1641693088623/Plugins/Uploader/WinAzureAdAuthentication.dll' because one or more of its dependencies could not be loaded.

Preloading 5 native plugins for Editor in 12.21 ms.
Initialize engine version: 2020.3.9f1 (108be757e447)
[Subsystems] Discovering subsystems at path C:/Program Files/Unity/Hub/Editor/2020.3.9f1/Editor/Data/Resources/UnitySubsystems
[Subsystems] Discovering subsystems at path I:/user/docs/GitHub/stevecam/video-world/video-example/Assets
GfxDevice: creating device client; threaded=0
Direct3D:
    Version:  Direct3D 11.0 [level 11.1]
    Renderer: AMD Radeon RX 5700 XT (ID=0x731f)
    Vendor:   
    VRAM:     8151 MB
    Driver:   30.0.13025.5005
Shader 'Universal Render Pipeline/Particles/Lit': fallback shader 'Universal Render Pipeline/Particles/SimpleLit' not found
Initialize mono
Mono path[0] = 'C:/Program Files/Unity/Hub/Editor/2020.3.9f1/Editor/Data/Managed'
Mono path[1] = 'C:/Program Files/Unity/Hub/Editor/2020.3.9f1/Editor/Data/MonoBleedingEdge/lib/mono/unityjit'
Mono config path = 'C:/Program Files/Unity/Hub/Editor/2020.3.9f1/Editor/Data/MonoBleedingEdge/etc'
Using monoOptions --debugger-agent=transport=dt_socket,embedding=1,server=y,suspend=n,address=127.0.0.1:56440
Begin MonoManager ReloadAssembly
Registering precompiled unity dll's ...
Register platform support module: C:/Program Files/Unity/Hub/Editor/2020.3.9f1/Editor/Data/PlaybackEngines/MacStandaloneSupport/UnityEditor.OSXStandalone.Extensions.dll
Register platform support module: C:/Program Files/Unity/Hub/Editor/2020.3.9f1/Editor/Data/PlaybackEngines/WindowsStandaloneSupport/UnityEditor.WindowsStandalone.Extensions.dll
Registered in 0.003987 seconds.
Native extension for WindowsStandalone target not found
Native extension for OSXStandalone target not found
Refreshing native plugins compatible for Editor in 109.66 ms, found 7 plugins.
Preloading 5 native plugins for Editor in 1.20 ms.
Mono: successfully reloaded assembly
- Completed reload, in  2.341 seconds
Platform modules already initialized, skipping
Registering precompiled user dll's ...
Registered in 0.014336 seconds.
Begin MonoManager ReloadAssembly
Native extension for WindowsStandalone target not found
Native extension for OSXStandalone target not found
Refreshing native plugins compatible for Editor in 116.40 ms, found 7 plugins.
Preloading 5 native plugins for Editor in 0.57 ms.
[XR] OculusXRPlugin: registering subsystems
[XR] Unable to register display lifecyle provider: [1]
[XR] Oculus Input lifecycle provider registered.
[XR] Unable to register input lifecyle provider: [1]
NullReferenceException: Object reference not set to an instance of an object
  at Unity.XR.Oculus.OculusLoader.AssetPathToAbsolutePath (System.String assetPath) [0x00048] in I:\user\docs\GitHub\stevecam\video-world\video-example\Library\PackageCache\com.unity.xr.oculus@1.9.0\Runtime\OculusLoader.cs:249 
  at Unity.XR.Oculus.OculusLoader.EditorLoadOVRPlugin () [0x0007b] in I:\user\docs\GitHub\stevecam\video-world\video-example\Library\PackageCache\com.unity.xr.oculus@1.9.0\Runtime\OculusLoader.cs:234 

(Filename: Library/PackageCache/com.unity.xr.oculus@1.9.0/Runtime/OculusLoader.cs Line: 249)

Mono: successfully reloaded assembly
- Completed reload, in  2.649 seconds
Platform modules already initialized, skipping
========================================================================
Worker process is ready to serve import requests
Shader 'Universal Render Pipeline/Particles/Lit': fallback shader 'Universal Render Pipeline/Particles/SimpleLit' not found
Launched and connected shader compiler UnityShaderCompiler.exe after 0.15 seconds
Refreshing native plugins compatible for Editor in 2.34 ms, found 7 plugins.
Preloading 5 native plugins for Editor in 0.56 ms.
Unloading 2503 Unused Serialized files (Serialized files now loaded: 0)
System memory in use before: 115.0 MB.
System memory in use after: 115.2 MB.

Unloading 38 unused Assets to reduce memory usage. Loaded Objects now: 2928.
Total: 9.414600 ms (FindLiveObjects: 1.324400 ms CreateObjectMapping: 0.398400 ms MarkObjects: 7.324800 ms  DeleteObjects: 0.353400 ms)

========================================================================
Received Import Request.
  path: Assets/Scenes/SampleScene.unity
  artifactKey: Guid(9fc0d4010bbf28b4594072e72b8655ab) Importer(815301076,1909f56bfc062723c751e8b465ee728b)
Start importing Assets/Scenes/SampleScene.unity using Guid(9fc0d4010bbf28b4594072e72b8655ab) Importer(815301076,1909f56bfc062723c751e8b465ee728b)  -> (artifact id: '92bd5970bf96d989d397021c55f7f478') in 0.061659 seconds
  Import took 0.074916 seconds .

========================================================================
Received Prepare
Shader 'Universal Render Pipeline/Particles/Lit': fallback shader 'Universal Render Pipeline/Particles/SimpleLit' not found
Refreshing native plugins compatible for Editor in 9.65 ms, found 7 plugins.
Preloading 5 native plugins for Editor in 0.26 ms.
Unloading 30 Unused Serialized files (Serialized files now loaded: 0)
System memory in use before: 61.5 MB.
System memory in use after: 61.7 MB.

Unloading 30 unused Assets to reduce memory usage. Loaded Objects now: 2928.
Total: 9.898900 ms (FindLiveObjects: 0.711900 ms CreateObjectMapping: 0.167300 ms MarkObjects: 8.780000 ms  DeleteObjects: 0.236800 ms)

========================================================================
Received Prepare
Switching render pipeline 00000000000000000000000000000000 -> f4c8c6656f4be5743b057e58c2c09b9d
Shader 'Universal Render Pipeline/Particles/Lit': fallback shader 'Universal Render Pipeline/Particles/SimpleLit' not found
Refreshing native plugins compatible for Editor in 17.44 ms, found 7 plugins.
Preloading 5 native plugins for Editor in 0.48 ms.
Unloading 78 Unused Serialized files (Serialized files now loaded: 0)
System memory in use before: 66.0 MB.
System memory in use after: 66.2 MB.

Unloading 30 unused Assets to reduce memory usage. Loaded Objects now: 2976.
Total: 9.965100 ms (FindLiveObjects: 0.764700 ms CreateObjectMapping: 0.279600 ms MarkObjects: 8.674000 ms  DeleteObjects: 0.243000 ms)

AssetImportParameters requested are different than current active one (requested -> active):
  colorSpace: 1 -> 0
========================================================================
Received Import Request.
  Time since last request: 147.236906 seconds.
  path: Assets/Scenes/SampleScene.unity
  artifactKey: Guid(9fc0d4010bbf28b4594072e72b8655ab) Importer(815301076,1909f56bfc062723c751e8b465ee728b)
Start importing Assets/Scenes/SampleScene.unity using Guid(9fc0d4010bbf28b4594072e72b8655ab) Importer(815301076,1909f56bfc062723c751e8b465ee728b)  -> (artifact id: 'be11a343375807b8a24b07294cb6e9a1') in 0.030101 seconds
  Import took 0.036790 seconds .

========================================================================
Received Import Request.
  Time since last request: 13.905036 seconds.
  path: Assets/Prefabs/1910656873984426453_video_kit
  artifactKey: Guid(50964bcaaea420741be6d1b98758faac) Importer(815301076,1909f56bfc062723c751e8b465ee728b)
Start importing Assets/Prefabs/1910656873984426453_video_kit using Guid(50964bcaaea420741be6d1b98758faac) Importer(815301076,1909f56bfc062723c751e8b465ee728b)  -> (artifact id: '4054b4dc3173b36467c81a44f44521d8') in 0.037929 seconds
  Import took 0.050887 seconds .

========================================================================
Received Import Request.
  Time since last request: 0.008721 seconds.
  path: Assets/Prefabs/1910656873984426453_video_kit/Cube.prefab
  artifactKey: Guid(fdf0554d68313b24392eec617e117ce0) Importer(815301076,1909f56bfc062723c751e8b465ee728b)
Start importing Assets/Prefabs/1910656873984426453_video_kit/Cube.prefab using Guid(fdf0554d68313b24392eec617e117ce0) Importer(815301076,1909f56bfc062723c751e8b465ee728b)  -> (artifact id: '9907fdc29cf84aeaef45a07db5c3ff43') in 1.256310 seconds
  Import took 1.268920 seconds .

========================================================================
Received Prepare
Shader 'Universal Render Pipeline/Particles/Lit': fallback shader 'Universal Render Pipeline/Particles/SimpleLit' not found
Refreshing native plugins compatible for Editor in 11.36 ms, found 7 plugins.
Preloading 5 native plugins for Editor in 0.44 ms.
Unloading 30 Unused Serialized files (Serialized files now loaded: 0)
System memory in use before: 67.9 MB.
System memory in use after: 68.1 MB.

Unloading 30 unused Assets to reduce memory usage. Loaded Objects now: 3050.
Total: 5.895300 ms (FindLiveObjects: 0.686500 ms CreateObjectMapping: 0.162100 ms MarkObjects: 4.887300 ms  DeleteObjects: 0.154600 ms)

========================================================================
Received Prepare
Shader 'Universal Render Pipeline/Particles/Lit': fallback shader 'Universal Render Pipeline/Particles/SimpleLit' not found
Refreshing native plugins compatible for Editor in 12.68 ms, found 7 plugins.
Preloading 5 native plugins for Editor in 0.31 ms.
Unloading 30 Unused Serialized files (Serialized files now loaded: 0)
System memory in use before: 67.9 MB.
System memory in use after: 68.1 MB.

Unloading 30 unused Assets to reduce memory usage. Loaded Objects now: 3050.
Total: 7.261300 ms (FindLiveObjects: 0.698700 ms CreateObjectMapping: 0.193400 ms MarkObjects: 6.180300 ms  DeleteObjects: 0.186600 ms)

========================================================================
Received Prepare
Shader 'Universal Render Pipeline/Particles/Lit': fallback shader 'Universal Render Pipeline/Particles/SimpleLit' not found
Refreshing native plugins compatible for Editor in 16.45 ms, found 7 plugins.
Preloading 5 native plugins for Editor in 0.42 ms.
Unloading 30 Unused Serialized files (Serialized files now loaded: 0)
System memory in use before: 67.9 MB.
System memory in use after: 68.1 MB.

Unloading 30 unused Assets to reduce memory usage. Loaded Objects now: 3050.
Total: 9.259500 ms (FindLiveObjects: 0.778800 ms CreateObjectMapping: 0.303100 ms MarkObjects: 7.949700 ms  DeleteObjects: 0.221500 ms)

========================================================================
Received Prepare
Shader 'Universal Render Pipeline/Particles/Lit': fallback shader 'Universal Render Pipeline/Particles/SimpleLit' not found
Refreshing native plugins compatible for Editor in 12.18 ms, found 7 plugins.
Preloading 5 native plugins for Editor in 0.33 ms.
Unloading 30 Unused Serialized files (Serialized files now loaded: 0)
System memory in use before: 68.0 MB.
System memory in use after: 68.2 MB.

Unloading 30 unused Assets to reduce memory usage. Loaded Objects now: 3050.
Total: 6.205300 ms (FindLiveObjects: 1.107700 ms CreateObjectMapping: 0.349600 ms MarkObjects: 4.598900 ms  DeleteObjects: 0.143200 ms)

========================================================================
Received Prepare
Shader 'Universal Render Pipeline/Particles/Lit': fallback shader 'Universal Render Pipeline/Particles/SimpleLit' not found
Refreshing native plugins compatible for Editor in 13.22 ms, found 7 plugins.
Preloading 5 native plugins for Editor in 0.52 ms.
Unloading 30 Unused Serialized files (Serialized files now loaded: 0)
System memory in use before: 68.0 MB.
System memory in use after: 68.2 MB.

Unloading 30 unused Assets to reduce memory usage. Loaded Objects now: 3050.
Total: 13.303000 ms (FindLiveObjects: 1.014200 ms CreateObjectMapping: 0.279400 ms MarkObjects: 11.639100 ms  DeleteObjects: 0.365300 ms)

========================================================================
Received Prepare
Shader 'Universal Render Pipeline/Particles/Lit': fallback shader 'Universal Render Pipeline/Particles/SimpleLit' not found
Refreshing native plugins compatible for Editor in 8.79 ms, found 7 plugins.
Preloading 5 native plugins for Editor in 0.25 ms.
Unloading 30 Unused Serialized files (Serialized files now loaded: 0)
System memory in use before: 68.0 MB.
System memory in use after: 68.2 MB.

Unloading 30 unused Assets to reduce memory usage. Loaded Objects now: 3050.
Total: 5.380700 ms (FindLiveObjects: 0.638800 ms CreateObjectMapping: 0.229100 ms MarkObjects: 4.352700 ms  DeleteObjects: 0.156900 ms)

========================================================================
Received Prepare
Shader 'Universal Render Pipeline/Particles/Lit': fallback shader 'Universal Render Pipeline/Particles/SimpleLit' not found
Refreshing native plugins compatible for Editor in 17.11 ms, found 7 plugins.
Preloading 5 native plugins for Editor in 0.30 ms.
Unloading 30 Unused Serialized files (Serialized files now loaded: 0)
System memory in use before: 68.0 MB.
System memory in use after: 68.2 MB.

Unloading 30 unused Assets to reduce memory usage. Loaded Objects now: 3050.
Total: 8.001800 ms (FindLiveObjects: 0.913700 ms CreateObjectMapping: 0.447800 ms MarkObjects: 6.456100 ms  DeleteObjects: 0.180800 ms)

========================================================================
Received Prepare
Shader 'Universal Render Pipeline/Particles/Lit': fallback shader 'Universal Render Pipeline/Particles/SimpleLit' not found
Refreshing native plugins compatible for Editor in 7.64 ms, found 7 plugins.
Preloading 5 native plugins for Editor in 0.19 ms.
Unloading 30 Unused Serialized files (Serialized files now loaded: 0)
System memory in use before: 68.0 MB.
System memory in use after: 68.2 MB.

Unloading 30 unused Assets to reduce memory usage. Loaded Objects now: 3050.
Total: 5.176300 ms (FindLiveObjects: 0.533900 ms CreateObjectMapping: 0.128800 ms MarkObjects: 4.383200 ms  DeleteObjects: 0.128800 ms)

========================================================================
Received Prepare
Shader 'Universal Render Pipeline/Particles/Lit': fallback shader 'Universal Render Pipeline/Particles/SimpleLit' not found
Refreshing native plugins compatible for Editor in 12.50 ms, found 7 plugins.
Preloading 5 native plugins for Editor in 0.29 ms.
Unloading 30 Unused Serialized files (Serialized files now loaded: 0)
System memory in use before: 68.0 MB.
System memory in use after: 68.2 MB.

Unloading 30 unused Assets to reduce memory usage. Loaded Objects now: 3050.
Total: 8.024800 ms (FindLiveObjects: 0.958000 ms CreateObjectMapping: 0.206000 ms MarkObjects: 6.643600 ms  DeleteObjects: 0.214000 ms)

========================================================================
Received Prepare
Shader 'Universal Render Pipeline/Particles/Lit': fallback shader 'Universal Render Pipeline/Particles/SimpleLit' not found
Refreshing native plugins compatible for Editor in 9.09 ms, found 7 plugins.
Preloading 5 native plugins for Editor in 0.24 ms.
Unloading 30 Unused Serialized files (Serialized files now loaded: 0)
System memory in use before: 68.0 MB.
System memory in use after: 68.2 MB.

Unloading 30 unused Assets to reduce memory usage. Loaded Objects now: 3050.
Total: 14.598700 ms (FindLiveObjects: 0.711300 ms CreateObjectMapping: 0.172400 ms MarkObjects: 13.533900 ms  DeleteObjects: 0.177700 ms)

========================================================================
Received Prepare
Shader 'Universal Render Pipeline/Particles/Lit': fallback shader 'Universal Render Pipeline/Particles/SimpleLit' not found
Refreshing native plugins compatible for Editor in 20.02 ms, found 7 plugins.
Preloading 5 native plugins for Editor in 0.47 ms.
Unloading 30 Unused Serialized files (Serialized files now loaded: 0)
System memory in use before: 68.0 MB.
System memory in use after: 68.2 MB.

Unloading 30 unused Assets to reduce memory usage. Loaded Objects now: 3050.
Total: 12.138700 ms (FindLiveObjects: 1.055200 ms CreateObjectMapping: 0.290900 ms MarkObjects: 10.500700 ms  DeleteObjects: 0.286600 ms)

========================================================================
Received Prepare
Shader 'Universal Render Pipeline/Particles/Lit': fallback shader 'Universal Render Pipeline/Particles/SimpleLit' not found
Refreshing native plugins compatible for Editor in 9.74 ms, found 7 plugins.
Preloading 5 native plugins for Editor in 0.27 ms.
Unloading 30 Unused Serialized files (Serialized files now loaded: 0)
System memory in use before: 68.0 MB.
System memory in use after: 68.2 MB.

Unloading 30 unused Assets to reduce memory usage. Loaded Objects now: 3050.
Total: 11.654800 ms (FindLiveObjects: 0.780200 ms CreateObjectMapping: 0.258500 ms MarkObjects: 10.318600 ms  DeleteObjects: 0.292200 ms)

========================================================================
Received Prepare
Shader 'Universal Render Pipeline/Particles/Lit': fallback shader 'Universal Render Pipeline/Particles/SimpleLit' not found
Refreshing native plugins compatible for Editor in 8.83 ms, found 7 plugins.
Preloading 5 native plugins for Editor in 0.24 ms.
Unloading 30 Unused Serialized files (Serialized files now loaded: 0)
System memory in use before: 67.8 MB.
System memory in use after: 68.0 MB.

Unloading 30 unused Assets to reduce memory usage. Loaded Objects now: 3050.
Total: 7.167700 ms (FindLiveObjects: 0.675100 ms CreateObjectMapping: 0.142600 ms MarkObjects: 6.141200 ms  DeleteObjects: 0.206000 ms)

========================================================================
Received Prepare
Shader 'Universal Render Pipeline/Particles/Lit': fallback shader 'Universal Render Pipeline/Particles/SimpleLit' not found
Refreshing native plugins compatible for Editor in 18.36 ms, found 7 plugins.
Preloading 5 native plugins for Editor in 0.54 ms.
Unloading 30 Unused Serialized files (Serialized files now loaded: 0)
System memory in use before: 67.8 MB.
System memory in use after: 68.0 MB.

Unloading 30 unused Assets to reduce memory usage. Loaded Objects now: 3050.
Total: 11.702600 ms (FindLiveObjects: 0.751800 ms CreateObjectMapping: 0.278900 ms MarkObjects: 10.432500 ms  DeleteObjects: 0.235400 ms)

========================================================================
Received Prepare
Shader 'Universal Render Pipeline/Particles/Lit': fallback shader 'Universal Render Pipeline/Particles/SimpleLit' not found
Refreshing native plugins compatible for Editor in 10.20 ms, found 7 plugins.
Preloading 5 native plugins for Editor in 0.23 ms.
Unloading 30 Unused Serialized files (Serialized files now loaded: 0)
System memory in use before: 67.8 MB.
System memory in use after: 68.0 MB.

Unloading 30 unused Assets to reduce memory usage. Loaded Objects now: 3050.
Total: 7.669400 ms (FindLiveObjects: 0.738800 ms CreateObjectMapping: 0.136700 ms MarkObjects: 6.662300 ms  DeleteObjects: 0.129300 ms)

========================================================================
Received Prepare
Shader 'Universal Render Pipeline/Particles/Lit': fallback shader 'Universal Render Pipeline/Particles/SimpleLit' not found
Refreshing native plugins compatible for Editor in 27.84 ms, found 7 plugins.
Preloading 5 native plugins for Editor in 0.47 ms.
Unloading 30 Unused Serialized files (Serialized files now loaded: 0)
System memory in use before: 68.0 MB.
System memory in use after: 68.2 MB.

Unloading 30 unused Assets to reduce memory usage. Loaded Objects now: 3050.
Total: 13.081500 ms (FindLiveObjects: 1.438900 ms CreateObjectMapping: 0.669400 ms MarkObjects: 10.721900 ms  DeleteObjects: 0.245700 ms)

========================================================================
Received Prepare
Shader 'Universal Render Pipeline/Particles/Lit': fallback shader 'Universal Render Pipeline/Particles/SimpleLit' not found
Refreshing native plugins compatible for Editor in 19.48 ms, found 7 plugins.
Preloading 5 native plugins for Editor in 0.45 ms.
Unloading 30 Unused Serialized files (Serialized files now loaded: 0)
System memory in use before: 68.0 MB.
System memory in use after: 68.2 MB.

Unloading 30 unused Assets to reduce memory usage. Loaded Objects now: 3050.
Total: 7.429600 ms (FindLiveObjects: 0.937200 ms CreateObjectMapping: 0.289700 ms MarkObjects: 6.011800 ms  DeleteObjects: 0.187200 ms)

========================================================================
Received Prepare
Shader 'Universal Render Pipeline/Particles/Lit': fallback shader 'Universal Render Pipeline/Particles/SimpleLit' not found
Refreshing native plugins compatible for Editor in 9.36 ms, found 7 plugins.
Preloading 5 native plugins for Editor in 0.23 ms.
Unloading 30 Unused Serialized files (Serialized files now loaded: 0)
System memory in use before: 68.0 MB.
System memory in use after: 68.2 MB.

Unloading 30 unused Assets to reduce memory usage. Loaded Objects now: 3050.
Total: 10.965200 ms (FindLiveObjects: 0.949200 ms CreateObjectMapping: 0.305400 ms MarkObjects: 9.424500 ms  DeleteObjects: 0.281000 ms)

AssetImportWorkerClient::OnTransportError - code=2 error=End of file
